-------------------------------------------------------------------------------
Test set: todolist.controller.AdminLoginTest
-------------------------------------------------------------------------------
Tests run: 2, Failures: 1, Errors: 0, Skipped: 0, Time elapsed: 0.293 s <<< FAILURE! - in todolist.controller.AdminLoginTest
testLoginAdminRedirigeAListaUsuarios  Time elapsed: 0.269 s  <<< FAILURE!
java.lang.AssertionError: Range for response status value 200 expected:<REDIRECTION> but was:<SUCCESSFUL>
	at todolist.controller.AdminLoginTest.testLoginAdminRedirigeAListaUsuarios(AdminLoginTest.java:36)

